1.3871667385101318 1.1403037309646606
1.0708494186401367 1.0153734683990479
0.9690535068511963 0.9337655305862427
0.9059979319572449 0.8896927833557129
0.8741310238838196 0.868039071559906
0.8570744395256042 0.8549012541770935
0.8452386260032654 0.8448128700256348
0.8355870246887207 0.8358434438705444
0.8266664147377014 0.8273709416389465
0.8183615803718567 0.8197927474975586
0.8108843564987183 0.812781035900116
0.8043989539146423 0.8069248199462891
0.7987352609634399 0.8014442920684814
0.7939057946205139 0.7968496084213257
0.7895090579986572 0.7927660942077637
0.7857034802436829 0.7892521619796753
0.7822521924972534 0.7859991192817688
0.7791035175323486 0.7828535437583923
0.7762572169303894 0.7801613807678223
0.7735385298728943 0.7776588201522827
0.7710180878639221 0.7750570774078369
0.7683687210083008 0.7724118828773499
0.7658665776252747 0.7700742483139038
0.7635068297386169 0.7677846550941467
0.7613697052001953 0.7653467655181885
0.7592559456825256 0.7631586790084839
0.7571781277656555 0.7612236142158508
0.7552079558372498 0.7591675519943237
0.753226637840271 0.7574703693389893
0.7513996362686157 0.7559682130813599
